<?xml version="1.0" encoding="UTF-8"?>
<testng-results ignored="0" total="4" passed="4" failed="0" skipped="0">
  <reporter-output>
  </reporter-output>
  <suite started-at="2023-03-07T14:40:52 IST" name="Default suite" finished-at="2023-03-07T14:41:32 IST" duration-ms="39421">
    <groups>
    </groups>
    <test started-at="2023-03-07T14:40:52 IST" name="Default test" finished-at="2023-03-07T14:41:32 IST" duration-ms="39421">
      <class name="testNGBaseClass.LoginTest2">
        <test-method signature="logintesting(java.lang.String,java.lang.String)[pri:0, instance:testNGBaseClass.LoginTest2@4686afc2]" started-at="2023-03-07T14:40:52 IST" name="logintesting" data-provider="loginwith" finished-at="2023-03-07T14:41:03 IST" duration-ms="10636" status="PASS">
          <params>
            <param index="0">
              <value>
                <![CDATA[standard_user]]>
              </value>
            </param>
            <param index="1">
              <value>
                <![CDATA[secret_sauce]]>
              </value>
            </param>
          </params>
          <reporter-output>
          </reporter-output>
        </test-method> <!-- logintesting -->
        <test-method signature="logintesting(java.lang.String,java.lang.String)[pri:0, instance:testNGBaseClass.LoginTest2@4686afc2]" started-at="2023-03-07T14:41:03 IST" name="logintesting" data-provider="loginwith" finished-at="2023-03-07T14:41:10 IST" duration-ms="6714" status="PASS">
          <params>
            <param index="0">
              <value>
                <![CDATA[locked_out_user]]>
              </value>
            </param>
            <param index="1">
              <value>
                <![CDATA[secret_sauce]]>
              </value>
            </param>
          </params>
          <reporter-output>
          </reporter-output>
        </test-method> <!-- logintesting -->
        <test-method signature="logintesting(java.lang.String,java.lang.String)[pri:0, instance:testNGBaseClass.LoginTest2@4686afc2]" started-at="2023-03-07T14:41:10 IST" name="logintesting" data-provider="loginwith" finished-at="2023-03-07T14:41:19 IST" duration-ms="9547" status="PASS">
          <params>
            <param index="0">
              <value>
                <![CDATA[problem_user]]>
              </value>
            </param>
            <param index="1">
              <value>
                <![CDATA[secret_sauce]]>
              </value>
            </param>
          </params>
          <reporter-output>
          </reporter-output>
        </test-method> <!-- logintesting -->
        <test-method signature="logintesting(java.lang.String,java.lang.String)[pri:0, instance:testNGBaseClass.LoginTest2@4686afc2]" started-at="2023-03-07T14:41:19 IST" name="logintesting" data-provider="loginwith" finished-at="2023-03-07T14:41:31 IST" duration-ms="12387" status="PASS">
          <params>
            <param index="0">
              <value>
                <![CDATA[performance_glitch_user]]>
              </value>
            </param>
            <param index="1">
              <value>
                <![CDATA[secret_sauce]]>
              </value>
            </param>
          </params>
          <reporter-output>
          </reporter-output>
        </test-method> <!-- logintesting -->
      </class> <!-- testNGBaseClass.LoginTest2 -->
    </test> <!-- Default test -->
  </suite> <!-- Default suite -->
</testng-results>
