<?xml version="1.0" encoding="UTF-8"?>
<!-- Generated by org.testng.reporters.JUnitXMLReporter -->
<testsuite ignored="0" hostname="DESKTOP-S9B3AC5" failures="0" tests="4" name="Default test" time="39.421" errors="0" timestamp="2023-03-07T14:41:32 IST">
  <testcase classname="testNGBaseClass.LoginTest2" name="logintesting" time="10.636"/>
  <testcase classname="testNGBaseClass.LoginTest2" name="logintesting" time="6.714"/>
  <testcase classname="testNGBaseClass.LoginTest2" name="logintesting" time="9.547"/>
  <testcase classname="testNGBaseClass.LoginTest2" name="logintesting" time="12.387"/>
</testsuite> <!-- Default test -->
